<?xml version="1.0" encoding="UTF-8"?>
<testsuite name="MyGroup.MyProject.MyProjectApplicationTests" tests="1" skipped="0" failures="0" errors="0" timestamp="2024-08-28T09:32:35" hostname="LAPTOP-OIORQ1PP" time="1.531">
  <properties/>
  <testcase name="contextLoads()" classname="MyGroup.MyProject.MyProjectApplicationTests" time="1.531"/>
  <system-out><![CDATA[11:32:32.970 [Test worker] INFO org.springframework.test.context.support.AnnotationConfigContextLoaderUtils -- Could not detect default configuration classes for test class [MyGroup.MyProject.MyProjectApplicationTests]: MyProjectApplicationTests does not declare any static, non-private, non-final, nested classes annotated with @Configuration.
11:32:33.138 [Test worker] INFO org.springframework.boot.test.context.SpringBootTestContextBootstrapper -- Found @SpringBootConfiguration MyGroup.MyProject.MyProjectApplication for test class MyGroup.MyProject.MyProjectApplicationTests

  .   ____          _            __ _ _
 /\\ / ___'_ __ _ _(_)_ __  __ _ \ \ \ \
( ( )\___ | '_ | '_| | '_ \/ _` | \ \ \ \
 \\/  ___)| |_)| | | | | || (_| |  ) ) ) )
  '  |____| .__|_| |_|_| |_\__, | / / / /
 =========|_|==============|___/=/_/_/_/

 :: Spring Boot ::                (v3.3.3)

2024-08-28T11:32:33.665+02:00  INFO 10800 --- [MyProject] [    Test worker] M.MyProject.MyProjectApplicationTests    : Starting MyProjectApplicationTests using Java 21.0.2 with PID 10800 (started by mathi in C:\Users\mathi\OneDrive\Documents\UiB\Master\H24\DAT250\Lab\MyProject\MyProject)
2024-08-28T11:32:33.667+02:00  INFO 10800 --- [MyProject] [    Test worker] M.MyProject.MyProjectApplicationTests    : No active profile set, falling back to 1 default profile: "default"
2024-08-28T11:32:35.159+02:00  INFO 10800 --- [MyProject] [    Test worker] M.MyProject.MyProjectApplicationTests    : Started MyProjectApplicationTests in 1.796 seconds (process running for 3.703)
]]></system-out>
  <system-err><![CDATA[WARNING: A Java agent has been loaded dynamically (C:\Users\mathi\.gradle\caches\modules-2\files-2.1\net.bytebuddy\byte-buddy-agent\1.14.19\154da3a65b4f4a909d3e5bdec55d1b2b4cbb6ce1\byte-buddy-agent-1.14.19.jar)
WARNING: If a serviceability tool is in use, please run with -XX:+EnableDynamicAgentLoading to hide this warning
WARNING: If a serviceability tool is not in use, please run with -Djdk.instrument.traceUsage for more information
WARNING: Dynamic loading of agents will be disallowed by default in a future release
]]></system-err>
</testsuite>
